This is e-upTeX, Version 3.141592653-p4.0.0-u1.28-220214-2.6 (utf8.uptex) (TeX Live 2022) (preloaded format=uplatex 2022.5.29)  27 NOV 2025 18:00
entering extended mode
 restricted \write18 enabled.
 %&-line parsing enabled.
**/Users/kou/Documents/GitHub/KouTechHP/2026/abb_math_c/t1/tex/lesson_01.tex
(/Users/kou/Documents/GitHub/KouTechHP/2026/abb_math_c/t1/tex/lesson_01.tex
pLaTeX2e <2021-11-15u04> (based on LaTeX2e <2021-11-15> patch level 1)
L3 programming layer <2022-02-24>
(/usr/local/texlive/2022/texmf-dist/tex/platex/jsclasses/jsarticlek.cls
Document Class: jsarticlek 2009/02/22 okumura
(/usr/local/texlive/2022/texmf-dist/tex/latex/base/fleqn.clo
File: fleqn.clo 2016/12/29 v1.2b Standard LaTeX option (flush left equations)
\mathindent=\skip47
Applying: [2015/01/01] Make \[ robust on input line 50.
LaTeX Info: Redefining \[ on input line 51.
Already applied: [0000/00/00] Make \[ robust on input line 62.
Applying: [2015/01/01] Make \] robust on input line 74.
LaTeX Info: Redefining \] on input line 75.
Already applied: [0000/00/00] Make \] robust on input line 83.
)
LaTeX Info: Redefining \rmfamily on input line 332.
LaTeX Info: Redefining \sffamily on input line 335.
LaTeX Info: Redefining \ttfamily on input line 338.
\symmincho=\mathgroup4
LaTeX Font Info:    Overwriting symbol font `mincho' in version `bold'
(Font)                  JY2/mc/m/n --> JY2/gt/m/n on input line 403.
LaTeX Font Info:    Font shape `JT2/mc/m/n' will be
(Font)              scaled to size 9.49997pt on input line 601.
LaTeX Font Info:    Font shape `JY2/mc/m/n' will be
(Font)              scaled to size 9.49997pt on input line 601.
\fullwidth=\dimen154
LaTeX Font Info:    Font shape `JT2/mc/m/n' will be
(Font)              scaled to size 7.59998pt on input line 748.
LaTeX Font Info:    Font shape `JY2/mc/m/n' will be
(Font)              scaled to size 7.59998pt on input line 748.
\c@part=\count184
\c@section=\count185
\c@subsection=\count186
\c@subsubsection=\count187
\c@paragraph=\count188
\c@subparagraph=\count189
\@abstractbox=\box67
\c@figure=\count190
\c@table=\count191
\abovecaptionskip=\skip48
\belowcaptionskip=\skip49
\@lnumwidth=\dimen155
\bibindent=\dimen156
LaTeX Info: Redefining \TeX on input line 1702.
LaTeX Info: Redefining \LaTeX on input line 1728.
LaTeX Info: Redefining \LaTeXe on input line 1753.
\heisei=\count192
)
(/usr/local/texlive/2022/texmf-dist/tex/latex/geometry/geometry.sty
Package: geometry 2020/01/02 v5.9 Page Geometry

(/usr/local/texlive/2022/texmf-dist/tex/latex/graphics/keyval.sty
Package: keyval 2014/10/28 v1.15 key=value parser (DPC)
\KV@toks@=\toks17
)
(/usr/local/texlive/2022/texmf-dist/tex/generic/iftex/ifvtex.sty
Package: ifvtex 2019/10/25 v1.7 ifvtex legacy package. Use iftex instead.

(/usr/local/texlive/2022/texmf-dist/tex/generic/iftex/iftex.sty
Package: iftex 2022/02/03 v1.0f TeX engine tests
))
\Gm@cnth=\count193
\Gm@cntv=\count194
\c@Gm@tempcnt=\count195
\Gm@bindingoffset=\dimen157
\Gm@wd@mp=\dimen158
\Gm@odd@mp=\dimen159
\Gm@even@mp=\dimen160
\Gm@layoutwidth=\dimen161
\Gm@layoutheight=\dimen162
\Gm@layouthoffset=\dimen163
\Gm@layoutvoffset=\dimen164
\Gm@dimlist=\toks18
)
(/usr/local/texlive/2022/texmf-dist/tex/latex/graphics/graphicx.sty
Package: graphicx 2021/09/16 v1.2d Enhanced LaTeX Graphics (DPC,SPQR)

(/usr/local/texlive/2022/texmf-dist/tex/latex/graphics/graphics.sty
Package: graphics 2021/03/04 v1.4d Standard LaTeX Graphics (DPC,SPQR)

(/usr/local/texlive/2022/texmf-dist/tex/latex/graphics/trig.sty
Package: trig 2021/08/11 v1.11 sin cos tan (DPC)
)
(/usr/local/texlive/2022/texmf-dist/tex/latex/graphics-cfg/graphics.cfg
File: graphics.cfg 2016/06/04 v1.11 sample graphics configuration
)
Package graphics Info: Driver file: dvipdfmx.def on input line 107.

(/usr/local/texlive/2022/texmf-dist/tex/latex/graphics-def/dvipdfmx.def
File: dvipdfmx.def 2021/03/18 v5.0j Graphics/color driver for dvipdfmx
))
\Gin@req@height=\dimen165
\Gin@req@width=\dimen166
)
(/usr/local/texlive/2022/texmf-dist/tex/latex/graphics/color.sty
Package: color 2021/12/07 v1.3c Standard LaTeX Color (DPC)

(/usr/local/texlive/2022/texmf-dist/tex/latex/graphics-cfg/color.cfg
File: color.cfg 2016/01/02 v1.6 sample color configuration
)
Package color Info: Driver file: dvipdfmx.def on input line 149.

(/usr/local/texlive/2022/texmf-dist/tex/latex/graphics/dvipsnam.def
File: dvipsnam.def 2016/06/17 v3.0m Driver-dependent file (DPC,SPQR)
))
(/usr/local/texlive/2022/texmf-dist/tex/latex/amsmath/amsmath.sty
Package: amsmath 2021/10/15 v2.17l AMS math features
\@mathmargin=\skip50

For additional information on amsmath, use the `?' option.
(/usr/local/texlive/2022/texmf-dist/tex/latex/amsmath/amstext.sty
Package: amstext 2021/08/26 v2.01 AMS text

(/usr/local/texlive/2022/texmf-dist/tex/latex/amsmath/amsgen.sty
File: amsgen.sty 1999/11/30 v2.0 generic functions
\@emptytoks=\toks19
\ex@=\dimen167
))
(/usr/local/texlive/2022/texmf-dist/tex/latex/amsmath/amsbsy.sty
Package: amsbsy 1999/11/29 v1.2d Bold Symbols
\pmbraise@=\dimen168
)
(/usr/local/texlive/2022/texmf-dist/tex/latex/amsmath/amsopn.sty
Package: amsopn 2021/08/26 v2.02 operator names
)
\inf@bad=\count196
LaTeX Info: Redefining \frac on input line 234.
\uproot@=\count197
\leftroot@=\count198
LaTeX Info: Redefining \overline on input line 399.
\classnum@=\count199
\DOTSCASE@=\count266
LaTeX Info: Redefining \ldots on input line 496.
LaTeX Info: Redefining \dots on input line 499.
LaTeX Info: Redefining \cdots on input line 620.
\Mathstrutbox@=\box68
\strutbox@=\box69
\big@size=\dimen169
LaTeX Font Info:    Redeclaring font encoding OML on input line 743.
LaTeX Font Info:    Redeclaring font encoding OMS on input line 744.
\macc@depth=\count267
\c@MaxMatrixCols=\count268
\dotsspace@=\muskip16
\c@parentequation=\count269
\dspbrk@lvl=\count270
\tag@help=\toks20
\row@=\count271
\column@=\count272
\maxfields@=\count273
\andhelp@=\toks21
\eqnshift@=\dimen170
\alignsep@=\dimen171
\tagshift@=\dimen172
\tagwidth@=\dimen173
\totwidth@=\dimen174
\lineht@=\dimen175
\@envbody=\toks22
\multlinegap=\skip51
\multlinetaggap=\skip52
\mathdisplay@stack=\toks23
LaTeX Info: Redefining \[ on input line 2938.
LaTeX Info: Redefining \] on input line 2939.
)
(/usr/local/texlive/2022/texmf-dist/tex/latex/tools/multicol.sty
Package: multicol 2021/10/28 v1.9b multicolumn formatting (FMi)
\c@tracingmulticols=\count274
\mult@box=\box70
\multicol@leftmargin=\dimen176
\c@unbalance=\count275
\c@collectmore=\count276
\doublecol@number=\count277
\multicoltolerance=\count278
\multicolpretolerance=\count279
\full@width=\dimen177
\page@free=\dimen178
\premulticols=\dimen179
\postmulticols=\dimen180
\multicolsep=\skip53
\multicolbaselineskip=\skip54
\partial@page=\box71
\last@line=\box72
\maxbalancingoverflow=\dimen181
\mult@rightbox=\box73
\mult@grightbox=\box74
\mult@firstbox=\box75
\mult@gfirstbox=\box76
\@tempa=\box77
\@tempa=\box78
\@tempa=\box79
\@tempa=\box80
\@tempa=\box81
\@tempa=\box82
\@tempa=\box83
\@tempa=\box84
\@tempa=\box85
\@tempa=\box86
\@tempa=\box87
\@tempa=\box88
\@tempa=\box89
\@tempa=\box90
\@tempa=\box91
\@tempa=\box92
\@tempa=\box93
\@tempa=\box94
\@tempa=\box95
\@tempa=\box96
\@tempa=\box97
\@tempa=\box98
\@tempa=\box99
\@tempa=\box100
\@tempa=\box101
\@tempa=\box102
\@tempa=\box103
\@tempa=\box104
\@tempa=\box105
\@tempa=\box106
\@tempa=\box107
\@tempa=\box108
\@tempa=\box109
\@tempa=\box110
\@tempa=\box111
\@tempa=\box112
\c@minrows=\count280
\c@columnbadness=\count281
\c@finalcolumnbadness=\count282
\last@try=\dimen182
\multicolovershoot=\dimen183
\multicolundershoot=\dimen184
\mult@nat@firstbox=\box113
\colbreak@box=\box114
\mc@col@check@num=\count283
)
(/usr/local/texlive/texmf-local/tex/latex/enumitem 2/enumitem.sty
Package: enumitem 2019/06/20 v3.9 Customized lists
\labelindent=\skip55
\enit@outerparindent=\dimen185
\enit@toks=\toks24
\enit@inbox=\box115
\enit@count@id=\count284
\enitdp@description=\count285
)
(/usr/local/texlive/2022/texmf-dist/tex/platex/jsclasses/okumacro.sty
Package: okumacro 2021/07/01 okumura, texjporg
\@scw=\dimen186
\scb@x=\box116
\EXAMPLEWIDTH=\dimen187
\shaderule=\dimen188
)
(/Users/kou/Library/texmf/tex/platex/misc/emath/emath.sty
\EM@boxa=\box117
\bsityuubox=\box118
Package: emath 2021/02/06 2.83

(/Users/kou/Library/texmf/tex/platex/misc/emath/EMceo.sty
Package: EMceo 2018/02/04 v0.04

(/usr/local/texlive/2022/texmf-dist/tex/latex/base/textcomp.sty
Package: textcomp 2020/02/02 v2.0n Standard LaTeX package
)
(/usr/local/texlive/texmf-local/tex/latex/local/ceo/ceo.sty
Package: ceo 

(/usr/local/texlive/texmf-local/tex/latex/local/ceo/waku.sty
Package: waku 
\@totalrightmargin=\dimen189
\bk@bxb=\box119
\bk@bxa=\box120
\bk@lcnt=\count286
\dashMboxlinelength=\dimen190
\dashMboxlinegap=\dimen191
\bk@lastgap=\dimen192
\bk@processed@height=\dimen193
\bk@remaining@height=\dimen194
\bk@sideline=\box121
)
(/usr/local/texlive/texmf-local/tex/latex/local/ceo/Mwaku.sty
Package: Mwaku 

(/usr/local/texlive/texmf-local/tex/latex/local/ceo/namemacro.sty
Package: namemacro 
)
\roundboxaboveskip=\skip56
\round@aboveskip=\dimen195
\roundboxunderskip=\skip57
\round@underskip=\dimen196
\@senhaba=\dimen197
\@rdbkbox@cornersize=\dimen198
\@rdbkbox@leftmargin=\dimen199
\@rdbkbox@rightmargin=\dimen256
\@rdbkbox@topmargin=\dimen257
\@rdbkbox@bottommargin=\dimen258
\@rdbkbox@width=\dimen259
\@rdbkbox@bordersize@top=\dimen260
\@rdbkbox@bordersize@bottom=\dimen261
\@rdbkbox@prevheight=\dimen262
\@rdbkbox@lineskip=\dimen263
\@rdbkbox@textbox=\box122
\@rdbkbox@tempbox=\box123
\@rdbkbox@topbox=\box124
\@rdbkbox@bottombox=\box125
)
(/usr/local/texlive/texmf-local/tex/latex/local/ceo/gyoretuvec.sty
\spacemh=\dimen264
\spacemi=\dimen265
\DelimReduceV=\dimen266
\spacetro=\skip58
\spacetri=\skip59
\spacetrh=\skip60
\DelimReduceM=\dimen267
\spacemggi=\dimen268
)
(/usr/local/texlive/texmf-local/tex/latex/local/ceo/zogeny.sty
Package: zogeny 
\hyouaki=\dimen269
\hyouakib=\dimen270
)
LaTeX Font Info:    Redeclaring symbol font `operators' on input line 18.
LaTeX Font Info:    Overwriting symbol font `operators' in version `normal'
(Font)                  OT1/cmr/m/n --> OT1/ceo/m/n on input line 18.
LaTeX Font Info:    Overwriting symbol font `operators' in version `bold'
(Font)                  OT1/cmr/bx/n --> OT1/ceo/m/n on input line 18.
LaTeX Font Info:    Overwriting symbol font `operators' in version `bold'
(Font)                  OT1/ceo/m/n --> OT1/ceo/bx/n on input line 19.
LaTeX Font Info:    Redeclaring symbol font `largesymbols' on input line 22.
LaTeX Font Info:    Overwriting symbol font `largesymbols' in version `normal'
(Font)                  OMX/cmex/m/n --> OMX/ceo/m/n on input line 22.
LaTeX Font Info:    Overwriting symbol font `largesymbols' in version `bold'
(Font)                  OMX/cmex/m/n --> OMX/ceo/m/n on input line 22.
\symruto=\mathgroup5
\symyakumono=\mathgroup6
\symdaikako=\mathgroup7
LaTeX Font Info:    Redeclaring math alphabet \mathbf on input line 30.
LaTeX Font Info:    Overwriting math alphabet `\mathbf' in version `normal'
(Font)                  OT1/cmr/bx/n --> OT1/ceo/bx/n on input line 30.
LaTeX Font Info:    Overwriting math alphabet `\mathbf' in version `bold'
(Font)                  OT1/cmr/bx/n --> OT1/ceo/bx/n on input line 30.
LaTeX Font Info:    Redeclaring math alphabet \mathit on input line 31.
LaTeX Font Info:    Overwriting math alphabet `\mathit' in version `normal'
(Font)                  OT1/cmr/m/it --> OT1/ceo/m/it on input line 31.
LaTeX Font Info:    Overwriting math alphabet `\mathit' in version `bold'
(Font)                  OT1/cmr/bx/it --> OT1/ceo/m/it on input line 31.
LaTeX Font Info:    Overwriting math alphabet `\mathit' in version `bold'
(Font)                  OT1/ceo/m/it --> OT1/ceo/bx/it on input line 32.
LaTeX Font Info:    Redeclaring symbol font `letters' on input line 38.
LaTeX Font Info:    Overwriting symbol font `letters' in version `normal'
(Font)                  OML/cmm/m/it --> OML/ceo/m/it on input line 38.
LaTeX Font Info:    Overwriting symbol font `letters' in version `bold'
(Font)                  OML/cmm/b/it --> OML/ceo/m/it on input line 38.
LaTeX Font Info:    Overwriting symbol font `letters' in version `bold'
(Font)                  OML/ceo/m/it --> OML/ceo/bx/it on input line 39.
LaTeX Font Info:    Redeclaring symbol font `symbols' on input line 46.
LaTeX Font Info:    Overwriting symbol font `symbols' in version `normal'
(Font)                  OMS/cmsy/m/n --> OMS/ceo/m/n on input line 46.
LaTeX Font Info:    Overwriting symbol font `symbols' in version `bold'
(Font)                  OMS/cmsy/b/n --> OMS/ceo/m/n on input line 46.
LaTeX Font Info:    Overwriting symbol font `symbols' in version `bold'
(Font)                  OMS/ceo/m/n --> OMS/ceo/bx/n on input line 47.

(/usr/local/texlive/texmf-local/tex/latex/local/ceo/kigou.sty
Package: kigou 
)
LaTeX Font Info:    Redeclaring math accent \kosymbola on input line 126.
LaTeX Font Info:    Redeclaring math accent \kosymbolb on input line 128.
LaTeX Font Info:    Redeclaring math accent \kosymbolc on input line 130.
LaTeX Info: Redefining \frac on input line 134.
LaTeX Font Info:    Redeclaring math symbol \parallel on input line 186.
LaTeX Font Info:    Redeclaring math symbol \alpha on input line 294.
LaTeX Font Info:    Redeclaring math symbol \beta on input line 295.
LaTeX Font Info:    Redeclaring math symbol \gamma on input line 296.
LaTeX Font Info:    Redeclaring math symbol \delta on input line 297.
LaTeX Font Info:    Redeclaring math symbol \epsilon on input line 298.
LaTeX Font Info:    Redeclaring math symbol \zeta on input line 299.
LaTeX Font Info:    Redeclaring math symbol \eta on input line 300.
LaTeX Font Info:    Redeclaring math symbol \theta on input line 301.
LaTeX Font Info:    Redeclaring math symbol \iota on input line 302.
LaTeX Font Info:    Redeclaring math symbol \kappa on input line 303.
LaTeX Font Info:    Redeclaring math symbol \lambda on input line 304.
LaTeX Font Info:    Redeclaring math symbol \mu on input line 305.
LaTeX Font Info:    Redeclaring math symbol \nu on input line 306.
LaTeX Font Info:    Redeclaring math symbol \xi on input line 307.
LaTeX Font Info:    Redeclaring math symbol \pi on input line 308.
LaTeX Font Info:    Redeclaring math symbol \rho on input line 309.
LaTeX Font Info:    Redeclaring math symbol \sigma on input line 310.
LaTeX Font Info:    Redeclaring math symbol \tau on input line 311.
LaTeX Font Info:    Redeclaring math symbol \upsilon on input line 312.
LaTeX Font Info:    Redeclaring math symbol \phi on input line 313.
LaTeX Font Info:    Redeclaring math symbol \chi on input line 314.
LaTeX Font Info:    Redeclaring math symbol \psi on input line 315.
LaTeX Font Info:    Redeclaring math symbol \omega on input line 316.
LaTeX Font Info:    Redeclaring math symbol \varepsilon on input line 317.
LaTeX Font Info:    Redeclaring math symbol \vartheta on input line 318.
LaTeX Font Info:    Redeclaring math symbol \varpi on input line 319.
LaTeX Font Info:    Redeclaring math symbol \varrho on input line 320.
LaTeX Font Info:    Redeclaring math symbol \varsigma on input line 321.
LaTeX Font Info:    Redeclaring math symbol \varphi on input line 322.
LaTeX Font Info:    Redeclaring math symbol \Gamma on input line 323.
LaTeX Font Info:    Redeclaring math symbol \varGamma on input line 324.
LaTeX Font Info:    Redeclaring math symbol \Delta on input line 325.
LaTeX Font Info:    Redeclaring math symbol \varDelta on input line 326.
LaTeX Font Info:    Redeclaring math symbol \Theta on input line 331.
LaTeX Font Info:    Redeclaring math symbol \Lambda on input line 332.
LaTeX Font Info:    Redeclaring math symbol \varLambda on input line 333.
LaTeX Font Info:    Redeclaring math symbol \Xi on input line 334.
LaTeX Font Info:    Redeclaring math symbol \Pi on input line 335.
LaTeX Font Info:    Redeclaring math symbol \Sigma on input line 336.
LaTeX Font Info:    Redeclaring math symbol \Upsilon on input line 337.
LaTeX Font Info:    Redeclaring math symbol \Phi on input line 338.
LaTeX Font Info:    Redeclaring math symbol \varPhi on input line 339.
LaTeX Font Info:    Redeclaring math symbol \varTheta on input line 340.
LaTeX Font Info:    Redeclaring math symbol \Psi on input line 341.
LaTeX Font Info:    Redeclaring math symbol \varPsi on input line 342.
LaTeX Font Info:    Redeclaring math symbol \Omega on input line 343.
LaTeX Font Info:    Redeclaring math symbol \varOmega on input line 344.
LaTeX Font Info:    Redeclaring math symbol \aleph on input line 345.
LaTeX Font Info:    Redeclaring math symbol \imath on input line 347.
LaTeX Font Info:    Redeclaring math symbol \jmath on input line 348.
LaTeX Font Info:    Redeclaring math symbol \ell on input line 349.
LaTeX Font Info:    Redeclaring math symbol \wp on input line 350.
LaTeX Font Info:    Redeclaring math symbol \Re on input line 351.
LaTeX Font Info:    Redeclaring math symbol \Im on input line 352.
LaTeX Font Info:    Redeclaring math symbol \partial on input line 353.
LaTeX Font Info:    Redeclaring math symbol \infty on input line 354.
LaTeX Font Info:    Redeclaring math symbol \prime on input line 355.
LaTeX Font Info:    Redeclaring math symbol \emptyset on input line 356.
LaTeX Font Info:    Redeclaring math symbol \nabla on input line 357.
LaTeX Font Info:    Redeclaring math symbol \top on input line 359.
LaTeX Font Info:    Redeclaring math symbol \bot on input line 360.
LaTeX Font Info:    Redeclaring math symbol \triangle on input line 403.
LaTeX Font Info:    Redeclaring math symbol \forall on input line 404.
LaTeX Font Info:    Redeclaring math symbol \exists on input line 405.
LaTeX Font Info:    Redeclaring math symbol \neg on input line 406.
LaTeX Font Info:    Redeclaring math symbol \flat on input line 407.
LaTeX Font Info:    Redeclaring math symbol \natural on input line 408.
LaTeX Font Info:    Redeclaring math symbol \sharp on input line 409.
LaTeX Font Info:    Redeclaring math symbol \clubsuit on input line 410.
LaTeX Font Info:    Redeclaring math symbol \diamondsuit on input line 411.
LaTeX Font Info:    Redeclaring math symbol \heartsuit on input line 412.
LaTeX Font Info:    Redeclaring math symbol \spadesuit on input line 413.
LaTeX Font Info:    Redeclaring math symbol \intop on input line 420.
LaTeX Font Info:    Redeclaring math symbol \ointop on input line 506.
LaTeX Font Info:    Redeclaring math symbol \smallint on input line 509.
LaTeX Font Info:    Redeclaring math symbol \triangleleft on input line 510.
LaTeX Font Info:    Redeclaring math symbol \triangleright on input line 511.
LaTeX Font Info:    Redeclaring math symbol \bigtriangleup on input line 512.
LaTeX Font Info:    Redeclaring math symbol \bigtriangledown on input line 513.

LaTeX Font Info:    Redeclaring math symbol \wedge on input line 516.
LaTeX Font Info:    Redeclaring math symbol \vee on input line 518.
LaTeX Font Info:    Redeclaring math symbol \cap on input line 520.
LaTeX Font Info:    Redeclaring math symbol \cup on input line 521.
LaTeX Font Info:    Redeclaring math symbol \ddagger on input line 522.
LaTeX Font Info:    Redeclaring math symbol \dagger on input line 523.
LaTeX Font Info:    Redeclaring math symbol \sqcap on input line 524.
LaTeX Font Info:    Redeclaring math symbol \sqcup on input line 525.
LaTeX Font Info:    Redeclaring math symbol \uplus on input line 526.
LaTeX Font Info:    Redeclaring math symbol \amalg on input line 527.
LaTeX Font Info:    Redeclaring math symbol \diamond on input line 528.
LaTeX Font Info:    Redeclaring math symbol \bullet on input line 529.
LaTeX Font Info:    Redeclaring math symbol \wr on input line 530.
LaTeX Font Info:    Redeclaring math symbol \div on input line 531.
LaTeX Font Info:    Redeclaring math symbol \odot on input line 532.
LaTeX Font Info:    Redeclaring math symbol \oslash on input line 533.
LaTeX Font Info:    Redeclaring math symbol \otimes on input line 534.
LaTeX Font Info:    Redeclaring math symbol \ominus on input line 535.
LaTeX Font Info:    Redeclaring math symbol \oplus on input line 536.
LaTeX Font Info:    Redeclaring math symbol \mp on input line 537.
LaTeX Font Info:    Redeclaring math symbol \pm on input line 538.
LaTeX Font Info:    Redeclaring math symbol \circ on input line 539.
LaTeX Font Info:    Redeclaring math symbol \bigcirc on input line 540.
LaTeX Font Info:    Redeclaring math symbol \setminus on input line 541.
LaTeX Font Info:    Redeclaring math symbol \cdot on input line 542.
LaTeX Font Info:    Redeclaring math symbol \ast on input line 543.
LaTeX Font Info:    Redeclaring math symbol \times on input line 544.
LaTeX Font Info:    Redeclaring math symbol \star on input line 545.
LaTeX Font Info:    Redeclaring math symbol \propto on input line 546.
LaTeX Font Info:    Redeclaring math symbol \sqsubseteq on input line 547.
LaTeX Font Info:    Redeclaring math symbol \sqsupseteq on input line 548.
LaTeX Font Info:    Redeclaring math symbol \mid on input line 550.
LaTeX Font Info:    Redeclaring math symbol \dashv on input line 551.
LaTeX Font Info:    Redeclaring math symbol \vdash on input line 552.
LaTeX Font Info:    Redeclaring math symbol \nearrow on input line 553.
LaTeX Font Info:    Redeclaring math symbol \searrow on input line 554.
LaTeX Font Info:    Redeclaring math symbol \nwarrow on input line 555.
LaTeX Font Info:    Redeclaring math symbol \swarrow on input line 556.
LaTeX Font Info:    Redeclaring math symbol \Leftrightarrow on input line 565.
LaTeX Font Info:    Redeclaring math symbol \Leftarrow on input line 566.
LaTeX Font Info:    Redeclaring math symbol \Rightarrow on input line 567.
LaTeX Font Info:    Redeclaring math symbol \leq on input line 571.
LaTeX Font Info:    Redeclaring math symbol \geq on input line 573.
LaTeX Font Info:    Redeclaring math symbol \succ on input line 575.
LaTeX Font Info:    Redeclaring math symbol \prec on input line 576.
LaTeX Font Info:    Redeclaring math symbol \approx on input line 577.
LaTeX Font Info:    Redeclaring math symbol \succeq on input line 578.
LaTeX Font Info:    Redeclaring math symbol \preceq on input line 579.
LaTeX Font Info:    Redeclaring math symbol \supset on input line 580.
LaTeX Font Info:    Redeclaring math symbol \subset on input line 581.
LaTeX Font Info:    Redeclaring math symbol \supseteq on input line 582.
LaTeX Font Info:    Redeclaring math symbol \subseteq on input line 583.
LaTeX Font Info:    Redeclaring math symbol \in on input line 586.
LaTeX Font Info:    Redeclaring math symbol \ni on input line 587.
LaTeX Font Info:    Redeclaring math symbol \gg on input line 593.
LaTeX Font Info:    Redeclaring math symbol \ll on input line 594.
LaTeX Font Info:    Redeclaring math symbol \leftrightarrow on input line 598.
LaTeX Font Info:    Redeclaring math symbol \leftarrow on input line 599.
LaTeX Font Info:    Redeclaring math symbol \rightarrow on input line 601.
LaTeX Font Info:    Redeclaring math symbol \mapstochar on input line 604.
LaTeX Font Info:    Redeclaring math symbol \sim on input line 606.
LaTeX Font Info:    Redeclaring math symbol \simeq on input line 607.
LaTeX Font Info:    Redeclaring math symbol \perp on input line 608.
LaTeX Font Info:    Redeclaring math symbol \equiv on input line 609.
LaTeX Font Info:    Redeclaring math symbol \asymp on input line 613.
LaTeX Font Info:    Redeclaring math symbol \smile on input line 614.
LaTeX Font Info:    Redeclaring math symbol \frown on input line 615.
LaTeX Font Info:    Redeclaring math symbol \leftharpoonup on input line 616.
LaTeX Font Info:    Redeclaring math symbol \leftharpoondown on input line 617.

LaTeX Font Info:    Redeclaring math symbol \rightharpoonup on input line 618.
LaTeX Font Info:    Redeclaring math symbol \rightharpoondown on input line 619
.
LaTeX Info: Redefining \cong on input line 621.
LaTeX Info: Redefining \notin on input line 625.
LaTeX Info: Redefining \rightleftharpoons on input line 628.
LaTeX Info: Redefining \doteq on input line 633.
LaTeX Info: Redefining \joinrel on input line 635.
LaTeX Info: Redefining \relbar on input line 637.
LaTeX Info: Redefining \Relbar on input line 640.
LaTeX Font Info:    Redeclaring math symbol \lhook on input line 641.
LaTeX Font Info:    Redeclaring math symbol \rhook on input line 643.
LaTeX Info: Redefining \bowtie on input line 646.
LaTeX Info: Redefining \models on input line 648.
LaTeX Info: Redefining \Longrightarrow on input line 650.
LaTeX Info: Redefining \longrightarrow on input line 652.
LaTeX Info: Redefining \longleftarrow on input line 654.
LaTeX Info: Redefining \Longleftarrow on input line 657.
LaTeX Info: Redefining \longmapsto on input line 660.
LaTeX Info: Redefining \longleftrightarrow on input line 662.
LaTeX Info: Redefining \Longleftrightarrow on input line 664.
LaTeX Info: Redefining \iff on input line 666.
LaTeX Font Info:    Redeclaring math symbol \ldotp on input line 667.
LaTeX Info: Redefining \vdots on input line 676.
LaTeX Info: Redefining \ddots on input line 679.
LaTeX Font Info:    Redeclaring math accent \acute on input line 689.
LaTeX Font Info:    Redeclaring math accent \grave on input line 690.
LaTeX Font Info:    Redeclaring math accent \ddot on input line 691.
LaTeX Font Info:    Redeclaring math accent \tilde on input line 692.
LaTeX Font Info:    Redeclaring math accent \bar on input line 693.
LaTeX Font Info:    Redeclaring math accent \breve on input line 694.
LaTeX Font Info:    Redeclaring math accent \check on input line 695.
LaTeX Font Info:    Redeclaring math accent \hat on input line 696.
LaTeX Font Info:    Redeclaring math accent \dot on input line 697.
LaTeX Font Info:    Redeclaring math accent \widetilde on input line 698.
LaTeX Font Info:    Redeclaring math accent \widehat on input line 699.
LaTeX Font Info:    Redeclaring math accent \mathring on input line 700.
LaTeX Font Info:    Redeclaring math symbol \braceld on input line 731.
LaTeX Font Info:    Redeclaring math symbol \bracerd on input line 732.
LaTeX Font Info:    Redeclaring math symbol \bracelu on input line 733.
LaTeX Font Info:    Redeclaring math symbol \braceru on input line 734.
LaTeX Font Info:    Redeclaring math delimiter \lmoustache on input line 742.
LaTeX Font Info:    Redeclaring math delimiter \rmoustache on input line 744.
LaTeX Font Info:    Redeclaring math delimiter \arrowvert on input line 746.
LaTeX Font Info:    Redeclaring math delimiter \Arrowvert on input line 748.
LaTeX Font Info:    Redeclaring math delimiter \Vert on input line 750.
LaTeX Font Info:    Redeclaring math delimiter \vert on input line 753.
LaTeX Font Info:    Redeclaring math delimiter \uparrow on input line 755.
LaTeX Font Info:    Redeclaring math delimiter \downarrow on input line 757.
LaTeX Font Info:    Redeclaring math delimiter \updownarrow on input line 759.
LaTeX Font Info:    Redeclaring math delimiter \Uparrow on input line 761.
LaTeX Font Info:    Redeclaring math delimiter \Downarrow on input line 763.
LaTeX Font Info:    Redeclaring math delimiter \Updownarrow on input line 765.
LaTeX Font Info:    Redeclaring math delimiter \backslash on input line 767.
LaTeX Font Info:    Redeclaring math delimiter \rangle on input line 769.
LaTeX Font Info:    Redeclaring math delimiter \langle on input line 771.
LaTeX Font Info:    Redeclaring math delimiter \rbrace on input line 773.
LaTeX Font Info:    Redeclaring math delimiter \lbrace on input line 775.
LaTeX Font Info:    Redeclaring math delimiter \rceil on input line 777.
LaTeX Font Info:    Redeclaring math delimiter \lceil on input line 779.
LaTeX Font Info:    Redeclaring math delimiter \rfloor on input line 781.
LaTeX Font Info:    Redeclaring math delimiter \lfloor on input line 783.
LaTeX Font Info:    Redeclaring math delimiter \lgroup on input line 785.
LaTeX Font Info:    Redeclaring math delimiter \rgroup on input line 787.
LaTeX Font Info:    Redeclaring math delimiter \bracevert on input line 789.
LaTeX Font Info:    Redeclaring math symbol \mathparagraph on input line 790.
LaTeX Font Info:    Redeclaring math symbol \mathsection on input line 791.
LaTeX Font Info:    Redeclaring math symbol \mathdollar on input line 792.
LaTeX Info: Redefining \MARU on input line 813.
\c@bango=\count287
LaTeX Info: Redefining \eqref on input line 875.
\c@bangoA=\count288
\c@bangoa=\count289
\c@kaitoubango=\count290
\c@mondaibango=\count291
\c@shomonbango=\count292
\c@shimonbango=\count293
\c@reidaibango=\count294
\c@shomonbangor=\count295
\c@shimonbangor=\count296
\c@shibango=\count297
\c@shomonbangoshi=\count298
\c@katab=\count299
\c@naganum=\count300
\c@Marunum=\count301
\rootbox=\box126
\c@secNo=\count302
\spaceo=\skip61
\spacei=\skip62
\spacej=\skip63
\spaceg=\skip64
\spaceh=\skip65
\spacego=\skip66
\spacegi=\skip67
\spacegh=\skip68
\spacebo=\skip69
\spacebi=\skip70
\spacebh=\skip71
\spacepo=\skip72
\spacepi=\skip73
\spaceph=\skip74
\spacerp=\skip75
\uma=\dimen271
\sika=\dimen272
\umaa=\dimen273
\sikaa=\dimen274
\umab=\dimen275
\sikab=\dimen276
\sspaceo=\dimen277
\sspacej=\dimen278
\sspaceg=\dimen279
\@verb@currpos=\count303
\@fboxrule=\dimen280
\aboxwidth=\skip76
\c@MaxMatrixCols=\count304
\dotsspace@=\muskip17
LaTeX Info: Redefining \text on input line 2089.
))
(/Users/kou/Library/texmf/tex/platex/misc/emath/emathC.sty
Package: emathC 2020/03/09 v1.20

(/usr/local/texlive/2022/texmf-dist/tex/latex/tools/calc.sty
Package: calc 2017/05/25 v4.3 Infix arithmetic (KKT,FJ)
\calc@Acount=\count305
\calc@Bcount=\count306
\calc@Adimen=\dimen281
\calc@Bdimen=\dimen282
\calc@Askip=\skip77
\calc@Bskip=\skip78
LaTeX Info: Redefining \setlength on input line 80.
LaTeX Info: Redefining \addtolength on input line 81.
\calc@Ccount=\count307
\calc@Cskip=\skip79
)
(/usr/local/texlive/2022/texmf-dist/tex/latex/base/ifthen.sty
Package: ifthen 2020/11/24 v1.1c Standard LaTeX ifthen package (DPC)
)
(/Users/kou/Library/texmf/tex/platex/misc/emath/EMhairetu.sty
Package: EMhairetu 2015/10/23 v0.05
)
\c@tempcnta=\count308
\templa=\dimen283
\h@ndle=\read2
\em@whndl=\write3
\emath@toks@=\toks25
\Sett@width=\dimen284
)
(/Users/kou/Library/texmf/tex/platex/misc/emath/emathE.sty
Package: emathE 2021/02/06 v1.18 extended enumerate

(/Users/kou/Library/texmf/tex/platex/misc/emath/emathEc.sty
Package: emathEc 2016/03/09 v0.23

(/Users/kou/Library/texmf/tex/platex/misc/emath/emathK.sty
Package: emathK 2014/01/26 0.15
)
(/usr/local/texlive/2022/texmf-dist/tex/latex/tools/enumerate.sty
Package: enumerate 2015/07/23 v3.00 enumerate extensions (DPC)
\@enLab=\toks26
)
(/Users/kou/Library/texmf/tex/platex/misc/emath/emathLb.sty
Package: emathLb 2019/01/10 v 0.28
)
\kizami@ti=\count309
\syoki@ti=\count310
\em@label@box=\box127
\c@enumT=\count311
\c@enumTi=\count312
\c@enumTii=\count313
\c@enumTiii=\count314
)
(/Users/kou/Library/texmf/tex/platex/misc/emath/jquote.sty
Package: jquote 2019/07/02 v0.15
)
\c@Enumi=\count315
\c@Enumii=\count316
\c@Enumiii=\count317
\c@Enumiv=\count318
\tkn@Enum@ang=\toks27
\tkn@Enum@opt=\toks28
)
\c@marginpar=\count319
\c@tempcntb=\count320
\templb=\dimen285
\templc=\dimen286
\tempboxa=\box128
\tempboxb=\box129
\EMc@hizyosuu=\count321
\EMc@syou=\count322
\EMc@zyo@amari=\count323
\GCM=\count324
LaTeX Info: Redefining \dsqrt on input line 776.
LaTeX Info: Redefining \notni on input line 1505.
LaTeX Info: Redefining \to on input line 1520.
\renritu@hidariyohaku=\dimen287
LaTeX Info: Redefining \mathstrut on input line 2630.
LaTeX Font Info:    Trying to load font information for OT1+ceo on input line 2
678.

(/usr/local/texlive/texmf-local/tex/latex/local/ceo/ot1ceo.fd
File: ot1ceo.fd 2005/5/18 v1.0
)
LaTeX Font Info:    Trying to load font information for OML+ceo on input line 2
678.

(/usr/local/texlive/texmf-local/tex/latex/local/ceo/omlceo.fd
File: omlceo.fd 2005/5/18 v1.0
)
LaTeX Font Info:    Trying to load font information for OMS+ceo on input line 2
678.

(/usr/local/texlive/texmf-local/tex/latex/local/ceo/omsceo.fd
File: omsceo.fd 2005/5/18 v1.0
)
LaTeX Font Info:    Trying to load font information for OMX+ceo on input line 2
678.

(/usr/local/texlive/texmf-local/tex/latex/local/ceo/omxceo.fd
File: omxceo.fd 2005/5/18 v1.0
)
LaTeX Font Info:    Font shape `JY2/mc/m/n' will be
(Font)              scaled to size 6.64998pt on input line 2678.
LaTeX Font Info:    Font shape `JY2/mc/m/n' will be
(Font)              scaled to size 4.74998pt on input line 2678.
LaTeX Font Info:    Trying to load font information for U+cesq on input line 26
78.

(/usr/local/texlive/texmf-local/tex/latex/local/ceo/ucesq.fd
File: ucesq.fd 2005/5/18 v1.0
)
LaTeX Font Info:    Trying to load font information for U+marua on input line 2
678.

(/usr/local/texlive/texmf-local/tex/latex/local/ceo/umarua.fd
File: umarua.fd 2005/5/18 v1.0
)
LaTeX Font Info:    Trying to load font information for U+muparen on input line
 2678.

(/usr/local/texlive/texmf-local/tex/latex/local/ceo/umuparen.fd
File: umuparen.fd 2005/5/18 v1.0
)
\@ltxlinelen=\dimen288
\fileophndl=\read3
LaTeX Info: Redefining \because on input line 3506.
LaTeX Info: Redefining \therefore on input line 3508.
)
(/usr/local/texlive/2022/texmf-dist/tex/latex/tcolorbox/tcolorbox.sty
Package: tcolorbox 2022/01/07 version 5.0.2 text color boxes

(/usr/local/texlive/2022/texmf-dist/tex/latex/pgf/basiclayer/pgf.sty
(/usr/local/texlive/2022/texmf-dist/tex/latex/pgf/utilities/pgfrcs.sty
(/usr/local/texlive/2022/texmf-dist/tex/generic/pgf/utilities/pgfutil-common.te
x
\pgfutil@everybye=\toks29
\pgfutil@tempdima=\dimen289
\pgfutil@tempdimb=\dimen290

(/usr/local/texlive/2022/texmf-dist/tex/generic/pgf/utilities/pgfutil-common-li
sts.tex))
(/usr/local/texlive/2022/texmf-dist/tex/generic/pgf/utilities/pgfutil-latex.def
\pgfutil@abb=\box130
) (/usr/local/texlive/2022/texmf-dist/tex/generic/pgf/utilities/pgfrcs.code.tex
(/usr/local/texlive/2022/texmf-dist/tex/generic/pgf/pgf.revision.tex)
Package: pgfrcs 2021/05/15 v3.1.9a (3.1.9a)
))
Package: pgf 2021/05/15 v3.1.9a (3.1.9a)

(/usr/local/texlive/2022/texmf-dist/tex/latex/pgf/basiclayer/pgfcore.sty
(/usr/local/texlive/2022/texmf-dist/tex/latex/pgf/systemlayer/pgfsys.sty
(/usr/local/texlive/2022/texmf-dist/tex/generic/pgf/systemlayer/pgfsys.code.tex
Package: pgfsys 2021/05/15 v3.1.9a (3.1.9a)
(/usr/local/texlive/2022/texmf-dist/tex/generic/pgf/utilities/pgfkeys.code.tex
\pgfkeys@pathtoks=\toks30
\pgfkeys@temptoks=\toks31

(/usr/local/texlive/2022/texmf-dist/tex/generic/pgf/utilities/pgfkeysfiltered.c
ode.tex
\pgfkeys@tmptoks=\toks32
))
\pgf@x=\dimen291
\pgf@y=\dimen292
\pgf@xa=\dimen293
\pgf@ya=\dimen294
\pgf@xb=\dimen295
\pgf@yb=\dimen296
\pgf@xc=\dimen297
\pgf@yc=\dimen298
\pgf@xd=\dimen299
\pgf@yd=\dimen300
\w@pgf@writea=\write4
\r@pgf@reada=\read4
\c@pgf@counta=\count325
\c@pgf@countb=\count326
\c@pgf@countc=\count327
\c@pgf@countd=\count328
\t@pgf@toka=\toks33
\t@pgf@tokb=\toks34
\t@pgf@tokc=\toks35
\pgf@sys@id@count=\count329

(/usr/local/texlive/2022/texmf-dist/tex/generic/pgf/systemlayer/pgf.cfg
File: pgf.cfg 2021/05/15 v3.1.9a (3.1.9a)
)
Driver file for pgf: pgfsys-dvipdfmx.def

(/usr/local/texlive/2022/texmf-dist/tex/generic/pgf/systemlayer/pgfsys-dvipdfmx
.def
File: pgfsys-dvipdfmx.def 2021/05/15 v3.1.9a (3.1.9a)

(/usr/local/texlive/2022/texmf-dist/tex/generic/pgf/systemlayer/pgfsys-common-p
df.def
File: pgfsys-common-pdf.def 2021/05/15 v3.1.9a (3.1.9a)
)
\pgfsys@objnum=\count330
))
(/usr/local/texlive/2022/texmf-dist/tex/generic/pgf/systemlayer/pgfsyssoftpath.
code.tex
File: pgfsyssoftpath.code.tex 2021/05/15 v3.1.9a (3.1.9a)
\pgfsyssoftpath@smallbuffer@items=\count331
\pgfsyssoftpath@bigbuffer@items=\count332
)
(/usr/local/texlive/2022/texmf-dist/tex/generic/pgf/systemlayer/pgfsysprotocol.
code.tex
File: pgfsysprotocol.code.tex 2021/05/15 v3.1.9a (3.1.9a)
)) (/usr/local/texlive/2022/texmf-dist/tex/latex/xcolor/xcolor.sty
Package: xcolor 2021/10/31 v2.13 LaTeX color extensions (UK)

(/usr/local/texlive/2022/texmf-dist/tex/latex/graphics-cfg/color.cfg
File: color.cfg 2016/01/02 v1.6 sample color configuration
)
Package xcolor Info: Driver file: dvipdfmx.def on input line 227.
LaTeX Info: Redefining \color on input line 711.
Package xcolor Info: Model `cmy' substituted by `cmy0' on input line 1352.
Package xcolor Info: Model `RGB' extended on input line 1368.
Package xcolor Info: Model `HTML' substituted by `rgb' on input line 1370.
Package xcolor Info: Model `Hsb' substituted by `hsb' on input line 1371.
Package xcolor Info: Model `tHsb' substituted by `hsb' on input line 1372.
Package xcolor Info: Model `HSB' substituted by `hsb' on input line 1373.
Package xcolor Info: Model `Gray' substituted by `gray' on input line 1374.
Package xcolor Info: Model `wave' substituted by `hsb' on input line 1375.
)
(/usr/local/texlive/2022/texmf-dist/tex/generic/pgf/basiclayer/pgfcore.code.tex
Package: pgfcore 2021/05/15 v3.1.9a (3.1.9a)
(/usr/local/texlive/2022/texmf-dist/tex/generic/pgf/math/pgfmath.code.tex
(/usr/local/texlive/2022/texmf-dist/tex/generic/pgf/math/pgfmathcalc.code.tex
(/usr/local/texlive/2022/texmf-dist/tex/generic/pgf/math/pgfmathutil.code.tex)
(/usr/local/texlive/2022/texmf-dist/tex/generic/pgf/math/pgfmathparser.code.tex
\pgfmath@dimen=\dimen301
\pgfmath@count=\count333
\pgfmath@box=\box131
\pgfmath@toks=\toks36
\pgfmath@stack@operand=\toks37
\pgfmath@stack@operation=\toks38
)
(/usr/local/texlive/2022/texmf-dist/tex/generic/pgf/math/pgfmathfunctions.code.
tex
(/usr/local/texlive/2022/texmf-dist/tex/generic/pgf/math/pgfmathfunctions.basic
.code.tex)
(/usr/local/texlive/2022/texmf-dist/tex/generic/pgf/math/pgfmathfunctions.trigo
nometric.code.tex)
(/usr/local/texlive/2022/texmf-dist/tex/generic/pgf/math/pgfmathfunctions.rando
m.code.tex)
(/usr/local/texlive/2022/texmf-dist/tex/generic/pgf/math/pgfmathfunctions.compa
rison.code.tex)
(/usr/local/texlive/2022/texmf-dist/tex/generic/pgf/math/pgfmathfunctions.base.
code.tex)
(/usr/local/texlive/2022/texmf-dist/tex/generic/pgf/math/pgfmathfunctions.round
.code.tex)
(/usr/local/texlive/2022/texmf-dist/tex/generic/pgf/math/pgfmathfunctions.misc.
code.tex)
(/usr/local/texlive/2022/texmf-dist/tex/generic/pgf/math/pgfmathfunctions.integ
erarithmetics.code.tex)))
(/usr/local/texlive/2022/texmf-dist/tex/generic/pgf/math/pgfmathfloat.code.tex
\c@pgfmathroundto@lastzeros=\count334
)) (/usr/local/texlive/2022/texmf-dist/tex/generic/pgf/math/pgfint.code.tex)
(/usr/local/texlive/2022/texmf-dist/tex/generic/pgf/basiclayer/pgfcorepoints.co
de.tex
File: pgfcorepoints.code.tex 2021/05/15 v3.1.9a (3.1.9a)
\pgf@picminx=\dimen302
\pgf@picmaxx=\dimen303
\pgf@picminy=\dimen304
\pgf@picmaxy=\dimen305
\pgf@pathminx=\dimen306
\pgf@pathmaxx=\dimen307
\pgf@pathminy=\dimen308
\pgf@pathmaxy=\dimen309
\pgf@xx=\dimen310
\pgf@xy=\dimen311
\pgf@yx=\dimen312
\pgf@yy=\dimen313
\pgf@zx=\dimen314
\pgf@zy=\dimen315
)
(/usr/local/texlive/2022/texmf-dist/tex/generic/pgf/basiclayer/pgfcorepathconst
ruct.code.tex
File: pgfcorepathconstruct.code.tex 2021/05/15 v3.1.9a (3.1.9a)
\pgf@path@lastx=\dimen316
\pgf@path@lasty=\dimen317
)
(/usr/local/texlive/2022/texmf-dist/tex/generic/pgf/basiclayer/pgfcorepathusage
.code.tex
File: pgfcorepathusage.code.tex 2021/05/15 v3.1.9a (3.1.9a)
\pgf@shorten@end@additional=\dimen318
\pgf@shorten@start@additional=\dimen319
)
(/usr/local/texlive/2022/texmf-dist/tex/generic/pgf/basiclayer/pgfcorescopes.co
de.tex
File: pgfcorescopes.code.tex 2021/05/15 v3.1.9a (3.1.9a)
\pgfpic=\box132
\pgf@hbox=\box133
\pgf@layerbox@main=\box134
\pgf@picture@serial@count=\count335
)
(/usr/local/texlive/2022/texmf-dist/tex/generic/pgf/basiclayer/pgfcoregraphicst
ate.code.tex
File: pgfcoregraphicstate.code.tex 2021/05/15 v3.1.9a (3.1.9a)
\pgflinewidth=\dimen320
)
(/usr/local/texlive/2022/texmf-dist/tex/generic/pgf/basiclayer/pgfcoretransform
ations.code.tex
File: pgfcoretransformations.code.tex 2021/05/15 v3.1.9a (3.1.9a)
\pgf@pt@x=\dimen321
\pgf@pt@y=\dimen322
\pgf@pt@temp=\dimen323
)
(/usr/local/texlive/2022/texmf-dist/tex/generic/pgf/basiclayer/pgfcorequick.cod
e.tex
File: pgfcorequick.code.tex 2021/05/15 v3.1.9a (3.1.9a)
)
(/usr/local/texlive/2022/texmf-dist/tex/generic/pgf/basiclayer/pgfcoreobjects.c
ode.tex
File: pgfcoreobjects.code.tex 2021/05/15 v3.1.9a (3.1.9a)
)
(/usr/local/texlive/2022/texmf-dist/tex/generic/pgf/basiclayer/pgfcorepathproce
ssing.code.tex
File: pgfcorepathprocessing.code.tex 2021/05/15 v3.1.9a (3.1.9a)
)
(/usr/local/texlive/2022/texmf-dist/tex/generic/pgf/basiclayer/pgfcorearrows.co
de.tex
File: pgfcorearrows.code.tex 2021/05/15 v3.1.9a (3.1.9a)
\pgfarrowsep=\dimen324
)
(/usr/local/texlive/2022/texmf-dist/tex/generic/pgf/basiclayer/pgfcoreshade.cod
e.tex
File: pgfcoreshade.code.tex 2021/05/15 v3.1.9a (3.1.9a)
\pgf@max=\dimen325
\pgf@sys@shading@range@num=\count336
\pgf@shadingcount=\count337
)
(/usr/local/texlive/2022/texmf-dist/tex/generic/pgf/basiclayer/pgfcoreimage.cod
e.tex
File: pgfcoreimage.code.tex 2021/05/15 v3.1.9a (3.1.9a)

(/usr/local/texlive/2022/texmf-dist/tex/generic/pgf/basiclayer/pgfcoreexternal.
code.tex
File: pgfcoreexternal.code.tex 2021/05/15 v3.1.9a (3.1.9a)
\pgfexternal@startupbox=\box135
))
(/usr/local/texlive/2022/texmf-dist/tex/generic/pgf/basiclayer/pgfcorelayers.co
de.tex
File: pgfcorelayers.code.tex 2021/05/15 v3.1.9a (3.1.9a)
)
(/usr/local/texlive/2022/texmf-dist/tex/generic/pgf/basiclayer/pgfcoretranspare
ncy.code.tex
File: pgfcoretransparency.code.tex 2021/05/15 v3.1.9a (3.1.9a)
)
(/usr/local/texlive/2022/texmf-dist/tex/generic/pgf/basiclayer/pgfcorepatterns.
code.tex
File: pgfcorepatterns.code.tex 2021/05/15 v3.1.9a (3.1.9a)
)
(/usr/local/texlive/2022/texmf-dist/tex/generic/pgf/basiclayer/pgfcorerdf.code.
tex
File: pgfcorerdf.code.tex 2021/05/15 v3.1.9a (3.1.9a)
)))
(/usr/local/texlive/2022/texmf-dist/tex/generic/pgf/modules/pgfmoduleshapes.cod
e.tex
File: pgfmoduleshapes.code.tex 2021/05/15 v3.1.9a (3.1.9a)
\pgfnodeparttextbox=\box136
)
(/usr/local/texlive/2022/texmf-dist/tex/generic/pgf/modules/pgfmoduleplot.code.
tex
File: pgfmoduleplot.code.tex 2021/05/15 v3.1.9a (3.1.9a)
)
(/usr/local/texlive/2022/texmf-dist/tex/latex/pgf/compatibility/pgfcomp-version
-0-65.sty
Package: pgfcomp-version-0-65 2021/05/15 v3.1.9a (3.1.9a)
\pgf@nodesepstart=\dimen326
\pgf@nodesepend=\dimen327
)
(/usr/local/texlive/2022/texmf-dist/tex/latex/pgf/compatibility/pgfcomp-version
-1-18.sty
Package: pgfcomp-version-1-18 2021/05/15 v3.1.9a (3.1.9a)
)) (/usr/local/texlive/2022/texmf-dist/tex/latex/tools/verbatim.sty
Package: verbatim 2020-07-07 v1.5u LaTeX2e package for verbatim enhancements
\every@verbatim=\toks39
\verbatim@line=\toks40
\verbatim@in@stream=\read5
)
(/usr/local/texlive/2022/texmf-dist/tex/latex/environ/environ.sty
Package: environ 2014/05/04 v0.3 A new way to define environments

(/usr/local/texlive/2022/texmf-dist/tex/latex/trimspaces/trimspaces.sty
Package: trimspaces 2009/09/17 v1.1 Trim spaces around a token list
))
(/usr/local/texlive/2022/texmf-dist/tex/latex/etoolbox/etoolbox.sty
Package: etoolbox 2020/10/05 v2.5k e-TeX tools for LaTeX (JAW)
\etb@tempcnta=\count338
)
\tcb@titlebox=\box137
\tcb@upperbox=\box138
\tcb@lowerbox=\box139
\tcb@phantombox=\box140
\c@tcbbreakpart=\count339
\c@tcblayer=\count340
\c@tcolorbox@number=\count341
\tcb@temp=\box141
\tcb@temp=\box142
\tcb@temp=\box143
\tcb@temp=\box144
)
(/usr/local/texlive/2022/texmf-dist/tex/latex/tcolorbox/tcbskins.code.tex
Library (tcolorbox): 'tcbskins.code.tex' version '5.0.2'
(/usr/local/texlive/2022/texmf-dist/tex/latex/pgf/frontendlayer/tikz.sty
(/usr/local/texlive/2022/texmf-dist/tex/latex/pgf/utilities/pgffor.sty
(/usr/local/texlive/2022/texmf-dist/tex/latex/pgf/utilities/pgfkeys.sty
(/usr/local/texlive/2022/texmf-dist/tex/generic/pgf/utilities/pgfkeys.code.tex)
) (/usr/local/texlive/2022/texmf-dist/tex/latex/pgf/math/pgfmath.sty
(/usr/local/texlive/2022/texmf-dist/tex/generic/pgf/math/pgfmath.code.tex))
(/usr/local/texlive/2022/texmf-dist/tex/generic/pgf/utilities/pgffor.code.tex
Package: pgffor 2021/05/15 v3.1.9a (3.1.9a)

(/usr/local/texlive/2022/texmf-dist/tex/generic/pgf/math/pgfmath.code.tex)
\pgffor@iter=\dimen328
\pgffor@skip=\dimen329
\pgffor@stack=\toks41
\pgffor@toks=\toks42
))
(/usr/local/texlive/2022/texmf-dist/tex/generic/pgf/frontendlayer/tikz/tikz.cod
e.tex
Package: tikz 2021/05/15 v3.1.9a (3.1.9a)

(/usr/local/texlive/2022/texmf-dist/tex/generic/pgf/libraries/pgflibraryplothan
dlers.code.tex
File: pgflibraryplothandlers.code.tex 2021/05/15 v3.1.9a (3.1.9a)
\pgf@plot@mark@count=\count342
\pgfplotmarksize=\dimen330
)
\tikz@lastx=\dimen331
\tikz@lasty=\dimen332
\tikz@lastxsaved=\dimen333
\tikz@lastysaved=\dimen334
\tikz@lastmovetox=\dimen335
\tikz@lastmovetoy=\dimen336
\tikzleveldistance=\dimen337
\tikzsiblingdistance=\dimen338
\tikz@figbox=\box145
\tikz@figbox@bg=\box146
\tikz@tempbox=\box147
\tikz@tempbox@bg=\box148
\tikztreelevel=\count343
\tikznumberofchildren=\count344
\tikznumberofcurrentchild=\count345
\tikz@fig@count=\count346

(/usr/local/texlive/2022/texmf-dist/tex/generic/pgf/modules/pgfmodulematrix.cod
e.tex
File: pgfmodulematrix.code.tex 2021/05/15 v3.1.9a (3.1.9a)
\pgfmatrixcurrentrow=\count347
\pgfmatrixcurrentcolumn=\count348
\pgf@matrix@numberofcolumns=\count349
)
\tikz@expandcount=\count350

(/usr/local/texlive/2022/texmf-dist/tex/generic/pgf/frontendlayer/tikz/librarie
s/tikzlibrarytopaths.code.tex
File: tikzlibrarytopaths.code.tex 2021/05/15 v3.1.9a (3.1.9a)
)))
\tcb@waterbox=\box149

(/usr/local/texlive/2022/texmf-dist/tex/latex/tcolorbox/tcbskinsjigsaw.code.tex
Library (tcolorbox): 'tcbskinsjigsaw.code.tex' version '5.0.2'
))
(/usr/local/texlive/2022/texmf-dist/tex/latex/tcolorbox/tcbbreakable.code.tex
Library (tcolorbox): 'tcbbreakable.code.tex' version '5.0.2'
(/usr/local/texlive/2022/texmf-dist/tex/generic/oberdiek/pdfcol.sty
Package: pdfcol 2019/12/29 v1.6 Handle new color stacks for pdfTeX (HO)

(/usr/local/texlive/2022/texmf-dist/tex/generic/ltxcmds/ltxcmds.sty
Package: ltxcmds 2020-05-10 v1.25 LaTeX kernel commands for general use (HO)
)
(/usr/local/texlive/2022/texmf-dist/tex/generic/infwarerr/infwarerr.sty
Package: infwarerr 2019/12/03 v1.5 Providing info/warning/error messages (HO)
)
Package pdfcol Info: Interface disabled because of missing PDF mode of pdfTeX.
)
Package pdfcol Info: pdfTeX's color stacks are not available.
\tcb@testbox=\box150
\tcb@totalupperbox=\box151
\tcb@totallowerbox=\box152
)
(/usr/local/texlive/2022/texmf-dist/tex/latex/tcolorbox/tcbtheorems.code.tex
Library (tcolorbox): 'tcbtheorems.code.tex' version '5.0.2'
) (/usr/local/texlive/2022/texmf-dist/tex/latex/ascmac/ascmac.sty
Package: ascmac 2020/01/15 v2.1 ascmac wrapper (community edition) 

(/usr/local/texlive/2022/texmf-dist/tex/latex/ascmac/tascmac.sty
Package: tascmac 2020/01/15 v2.1 ascmac package (community edition) 
\@savetbaselineshift=\dimen339
\@saveybaselineshift=\dimen340
\scb@x=\box153
\scscb@x=\box154
\@bw=\dimen341
\@nbox=\box155
\@nbody=\box156
\@scw=\dimen342
\ascmac@hoboxa=\box157
\ascmac@hoboxb=\box158
\@itemh=\dimen343
\@iboxpos=\toks43
\@iboxstr=\box159
\@bwsp=\box160
\@@bwsp=\box161
\@bcal=\count351
\shaderule=\dimen344
))
(/usr/local/texlive/2022/texmf-dist/tex/generic/pgf/frontendlayer/tikz/librarie
s/tikzlibrarydecorations.pathmorphing.code.tex
(/usr/local/texlive/2022/texmf-dist/tex/generic/pgf/frontendlayer/tikz/librarie
s/tikzlibrarydecorations.code.tex
(/usr/local/texlive/2022/texmf-dist/tex/generic/pgf/modules/pgfmoduledecoration
s.code.tex
\pgfdecoratedcompleteddistance=\dimen345
\pgfdecoratedremainingdistance=\dimen346
\pgfdecoratedinputsegmentcompleteddistance=\dimen347
\pgfdecoratedinputsegmentremainingdistance=\dimen348
\pgf@decorate@distancetomove=\dimen349
\pgf@decorate@repeatstate=\count352
\pgfdecorationsegmentamplitude=\dimen350
\pgfdecorationsegmentlength=\dimen351
)
\tikz@lib@dec@box=\box162
)
(/usr/local/texlive/2022/texmf-dist/tex/generic/pgf/libraries/decorations/pgfli
brarydecorations.pathmorphing.code.tex))
(/usr/local/texlive/2022/texmf-dist/tex/latex/annotate-equations/annotate-equat
ions.sty
Package: annotate-equations 2022/03/29 v0.1.0 easily annotate equations using T
ikZ
 (/usr/local/texlive/2022/texmf-dist/tex/generic/iftex/ifluatex.sty
Package: ifluatex 2019/10/25 v1.5 ifluatex legacy package. Use iftex instead.
)
(/usr/local/texlive/2022/texmf-dist/tex/generic/pgf/frontendlayer/tikz/librarie
s/tikzlibrarybackgrounds.code.tex
File: tikzlibrarybackgrounds.code.tex 2021/05/15 v3.1.9a (3.1.9a)
\pgf@layerbox@background=\box163
\pgf@layerboxsaved@background=\box164
)
(/usr/local/texlive/2022/texmf-dist/tex/generic/pgf/frontendlayer/tikz/librarie
s/tikzlibraryarrows.code.tex
File: tikzlibraryarrows.code.tex 2021/05/15 v3.1.9a (3.1.9a)

(/usr/local/texlive/2022/texmf-dist/tex/generic/pgf/libraries/pgflibraryarrows.
code.tex
File: pgflibraryarrows.code.tex 2021/05/15 v3.1.9a (3.1.9a)
\arrowsize=\dimen352
))
(/usr/local/texlive/2022/texmf-dist/tex/generic/pgf/frontendlayer/tikz/librarie
s/tikzlibraryshapes.code.tex
File: tikzlibraryshapes.code.tex 2021/05/15 v3.1.9a (3.1.9a)

(/usr/local/texlive/2022/texmf-dist/tex/generic/pgf/frontendlayer/tikz/librarie
s/tikzlibraryshapes.geometric.code.tex
File: tikzlibraryshapes.geometric.code.tex 2021/05/15 v3.1.9a (3.1.9a)

(/usr/local/texlive/2022/texmf-dist/tex/generic/pgf/libraries/shapes/pgflibrary
shapes.geometric.code.tex
File: pgflibraryshapes.geometric.code.tex 2021/05/15 v3.1.9a (3.1.9a)
))
(/usr/local/texlive/2022/texmf-dist/tex/generic/pgf/frontendlayer/tikz/librarie
s/tikzlibraryshapes.misc.code.tex
File: tikzlibraryshapes.misc.code.tex 2021/05/15 v3.1.9a (3.1.9a)

(/usr/local/texlive/2022/texmf-dist/tex/generic/pgf/libraries/shapes/pgflibrary
shapes.misc.code.tex
File: pgflibraryshapes.misc.code.tex 2021/05/15 v3.1.9a (3.1.9a)
))
(/usr/local/texlive/2022/texmf-dist/tex/generic/pgf/frontendlayer/tikz/librarie
s/tikzlibraryshapes.symbols.code.tex
File: tikzlibraryshapes.symbols.code.tex 2021/05/15 v3.1.9a (3.1.9a)

(/usr/local/texlive/2022/texmf-dist/tex/generic/pgf/libraries/shapes/pgflibrary
shapes.symbols.code.tex
File: pgflibraryshapes.symbols.code.tex 2021/05/15 v3.1.9a (3.1.9a)
))
(/usr/local/texlive/2022/texmf-dist/tex/generic/pgf/frontendlayer/tikz/librarie
s/tikzlibraryshapes.arrows.code.tex
File: tikzlibraryshapes.arrows.code.tex 2021/05/15 v3.1.9a (3.1.9a)

(/usr/local/texlive/2022/texmf-dist/tex/generic/pgf/libraries/shapes/pgflibrary
shapes.arrows.code.tex
File: pgflibraryshapes.arrows.code.tex 2021/05/15 v3.1.9a (3.1.9a)
))
(/usr/local/texlive/2022/texmf-dist/tex/generic/pgf/frontendlayer/tikz/librarie
s/tikzlibraryshapes.callouts.code.tex
(/usr/local/texlive/2022/texmf-dist/tex/generic/pgf/libraries/shapes/pgflibrary
shapes.callouts.code.tex))
(/usr/local/texlive/2022/texmf-dist/tex/generic/pgf/frontendlayer/tikz/librarie
s/tikzlibraryshapes.multipart.code.tex
File: tikzlibraryshapes.multipart.code.tex 2021/05/15 v3.1.9a (3.1.9a)

(/usr/local/texlive/2022/texmf-dist/tex/generic/pgf/libraries/shapes/pgflibrary
shapes.multipart.code.tex
File: pgflibraryshapes.multipart.code.tex 2021/05/15 v3.1.9a (3.1.9a)
\pgfnodepartlowerbox=\box165
\pgfnodeparttwobox=\box166
\pgfnodepartthreebox=\box167
\pgfnodepartfourbox=\box168
\pgfnodeparttwentybox=\box169
\pgfnodepartnineteenbox=\box170
\pgfnodeparteighteenbox=\box171
\pgfnodepartseventeenbox=\box172
\pgfnodepartsixteenbox=\box173
\pgfnodepartfifteenbox=\box174
\pgfnodepartfourteenbox=\box175
\pgfnodepartthirteenbox=\box176
\pgfnodeparttwelvebox=\box177
\pgfnodepartelevenbox=\box178
\pgfnodeparttenbox=\box179
\pgfnodepartninebox=\box180
\pgfnodeparteightbox=\box181
\pgfnodepartsevenbox=\box182
\pgfnodepartsixbox=\box183
\pgfnodepartfivebox=\box184
)))
(/usr/local/texlive/2022/texmf-dist/tex/latex/tikzmark/tikzlibrarytikzmark.code
.tex
File: tikzlibrarytikzmark.code.tex 2021/02/16 v1.10 TikZ library for marking po
sitions in a document
 (/usr/local/texlive/2022/texmf-dist/tex/latex/l3kernel/expl3.sty
Package: expl3 2022-02-24 L3 programming layer (loader) 

(/usr/local/texlive/2022/texmf-dist/tex/latex/l3backend/l3backend-dvipdfmx.def
File: l3backend-dvipdfmx.def 2022-02-07 L3 backend support: dvipdfmx

(|extractbb --version)
\c__kernel_sys_dvipdfmx_version_int=\count353
\l__color_backend_stack_int=\count354
\g__color_backend_stack_int=\count355
\g__graphics_track_int=\count356
\l__pdf_internal_box=\box185
\g__pdf_backend_object_int=\count357
\g__pdf_backend_annotation_int=\count358
\g__pdf_backend_link_int=\count359
))
(/usr/local/texlive/2022/texmf-dist/tex/latex/l3packages/l3keys2e/l3keys2e.sty
Package: l3keys2e 2022-01-12 LaTeX2e option processing using LaTeX3 keys
) (/usr/local/texlive/2022/texmf-dist/tex/latex/l3packages/xparse/xparse.sty
Package: xparse 2022-01-12 L3 Experimental document command parser
)
\l__sn_x_dim=\dimen353
\l__sn_y_dim=\dimen354
\l__sn_xa_dim=\dimen355
\l__sn_ya_dim=\dimen356
)
(/usr/local/texlive/2022/texmf-dist/tex/generic/pgf/frontendlayer/tikz/librarie
s/tikzlibrarycalc.code.tex
File: tikzlibrarycalc.code.tex 2021/05/15 v3.1.9a (3.1.9a)
)
\c@eqnannotatenode=\count360
)
(/usr/local/texlive/2022/texmf-dist/tex/latex/multirow/multirow.sty
Package: multirow 2021/03/15 v2.8 Span multiple rows of a table
\multirow@colwidth=\skip80
\multirow@cntb=\count361
\multirow@dima=\skip81
\bigstrutjot=\dimen357
)
(/usr/local/texlive/2022/texmf-dist/tex/latex/diagbox/diagbox.sty
Package: diagbox 2020/02/09 v2.3 Making table heads with diagonal lines

(/usr/local/texlive/2022/texmf-dist/tex/latex/pict2e/pict2e.sty
Package: pict2e 2020/09/30 v0.4b Improved picture commands (HjG,RN,JT)

(/usr/local/texlive/2022/texmf-dist/tex/latex/pict2e/pict2e.cfg
File: pict2e.cfg 2016/02/05 v0.1u pict2e configuration for teTeX/TeXLive
)
Package pict2e Info: Driver file: dvipdfmx.def on input line 112.
Package pict2e Info: Driver file for pict2e: p2e-dvipdfmx.def on input line 114
.

(/usr/local/texlive/2022/texmf-dist/tex/latex/pict2e/p2e-dvipdfmx.def
File: p2e-dvipdfmx.def 2016/02/05 v0.1u Driver-dependant file (RN,HjG,JT)
)
\pIIe@GRAPH=\toks44
\@arclen=\dimen358
\@arcrad=\dimen359
\pIIe@tempdima=\dimen360
\pIIe@tempdimb=\dimen361
\pIIe@tempdimc=\dimen362
\pIIe@tempdimd=\dimen363
\pIIe@tempdime=\dimen364
\pIIe@tempdimf=\dimen365
)
(/usr/local/texlive/2022/texmf-dist/tex/latex/tools/array.sty
Package: array 2021/10/04 v2.5f Tabular extension package (FMi)
\col@sep=\dimen366
\ar@mcellbox=\box186
\extrarowheight=\dimen367
\NC@list=\toks45
\extratabsurround=\skip82
\backup@length=\skip83
\ar@cellbox=\box187
)
\diagbox@boxa=\box188
\diagbox@boxb=\box189
\diagbox@boxm=\box190
\diagbox@wd=\dimen368
\diagbox@ht=\dimen369
\diagbox@insepl=\dimen370
\diagbox@insepr=\dimen371
\diagbox@outsepl=\dimen372
\diagbox@outsepr=\dimen373
)
(/usr/local/texlive/texmf-local/tex/latex/xhfill/xhfill.sty
(/usr/local/texlive/2022/texmf-dist/tex/latex/tools/xspace.sty
Package: xspace 2014/10/28 v1.13 Space after command names (DPC,MH)
)
Package: xhfill 2011/05/14\ v 1.01\ modify width and color of hrulefill
)
(/usr/local/texlive/texmf-local/tex/latex/BXbase/bxbase.sty
Package: bxbase 2020/10/04 v1.2 BX base library

(/usr/local/texlive/texmf-local/tex/latex/BXbase/bxbase.def
File: bxbase.def 2020/10/04 v1.2 BX base library

(/usr/local/texlive/texmf-local/tex/latex/BXbase/bxtoolbox.sty
Package: bxtoolbox 2020/10/04 v1.2 BX developers' toolbox

(/usr/local/texlive/texmf-local/tex/latex/BXbase/bxtoolbox.def
File: bxtoolbox.def 2020/10/04 v1.2
)
(/usr/local/texlive/texmf-local/tex/latex/BXbase/bxtoolbox-ext.def
File: bxtoolbox-ext.def 2020/10/04 v1.2
\bxResDim=\dimen374
)
(/usr/local/texlive/texmf-local/tex/latex/BXbase/bxtoolbox-ja.def
File: bxtoolbox-ja.def 2020/10/04 v1.2

(/usr/local/texlive/2022/texmf-dist/tex/platex/pxbase/pxbsjc.def)))
\bxUcv=\count362
))
(/usr/local/texlive/texmf-local/tex/latex/jknappen/mathbbol.sty
Package: mathbbol 1995/01/01
\symbbold=\mathgroup8
)
(/Users/kou/Library/texmf/tex/platex/misc/emath/emathPl.sty
Package: emathPl 2014/11/13 v 0.46
\pl@in=\read6
)
(/Users/kou/Library/texmf/tex/platex/misc/emath/emathT.sty
Package: emathT 2021/03/24 v0.85
\emT@box=\box191

(/usr/local/texlive/2022/texmf-dist/tex/latex/tools/hhline.sty
Package: hhline 2020/01/04 v2.04 Table rule package (DPC)
)
(/Users/kou/Library/texmf/tex/platex/misc/emath/emathPh.sty
Package: emathPh 2021/02/21 v 4.98

(/usr/local/texlive/2022/texmf-dist/tex/latex/eepic/epic.sty
Enhancements to Picture Environment. Version 1.2 - Released June 1, 1986
\@@multicnt=\count363
\d@lta=\count364
\@delta=\dimen375
\@@delta=\dimen376
\@gridcnt=\count365
\@joinkind=\count366
\@dotgap=\dimen377
\@ddotgap=\dimen378
\@x@diff=\count367
\@y@diff=\count368
\x@diff=\dimen379
\y@diff=\dimen380
\@dotbox=\box192
\num@segments=\count369
\num@segmentsi=\count370
\@datafile=\read7
) (/usr/local/texlive/2022/texmf-dist/tex/latex/eepic/eepic.sty
Extension to Epic and LaTeX. Version 1.1e - Released Dec 21, 1999
\@gphlinewidth=\count371
\@eepictcnt=\count372
\@tempdimc=\dimen381
\maxovaldiam=\dimen382
\@filltype=\box193
)
load eepic
(/Users/kou/Library/texmf/tex/platex/misc/emath/EMcolor.sty
Package: EMcolor 2010/06/20 v 0.01

(/Users/kou/Library/texmf/tex/platex/misc/emath/EMrgbcolornam.def
File: EMrgbcolornam.def 2008/08/16 v0.01
))
\@tempdimd=\dimen383
\DHS@seq=\toks46
\yasen@toks=\toks47
\tenretu@namae=\toks48
\namae@opt=\toks49
\@tmpla=\dimen384
\c@enumKT=\count373
LaTeX Info: Redefining \Deruta on input line 14241.
)
\rowtotalheight=\dimen385
\rowheight=\dimen386
\rowdepth=\dimen387
\hyouretuhaba=\dimen388
\emT@w=\dimen389
\emT@h=\dimen390
\emT@@h=\dimen391
\emT@d=\dimen392
\emT@@d=\dimen393
\emT@r=\dimen394
\arrayrulewidthb=\dimen395
\arrayrulewidthc=\dimen396

(/Users/kou/Library/texmf/tex/platex/misc/emath/zougenhyou.sty
Package: zougenhyou 2017/04/02 v0.07
)
(/Users/kou/Library/texmf/tex/platex/misc/emath/outotuhyou.sty
Package: outotuhyou 2014/06/18 v0.01
))
(/Users/kou/Library/texmf/tex/platex/misc/emath/emathPp.sty
Package: emathPp 2019/11/28 v 1.24

(/Users/kou/Library/texmf/tex/platex/misc/emath/Ytenretu.sty
Package: Ytenretu 2013/06/25 v0.04alpha
))
(/Users/kou/Library/texmf/tex/platex/misc/emath/emathPs.sty
Package: emathPs 2015/05/16 v 2.09

(/Users/kou/Library/texmf/tex/platex/misc/emath/emathPxy.sty
Package: emathPxy 2020/11/15 v 0.61

(/Users/kou/Library/texmf/tex/platex/misc/emath/emfpcalc.sty
Package: emfpcalc 2014/11/18 v0.01

(/usr/local/texlive/2022/texmf-dist/tex/latex/fp/fp-eval.sty
Package: fp-eval 1995/04/03

`Fixed Point Calculator',        Version 0.9a (C) Michael Mehlich             
(/usr/local/texlive/2022/texmf-dist/tex/latex/fp/defpattern.sty
Package: defpattern 1994/10/12

`\defpattern-macro (adapted from \howto (A. Jeffrey: TeX and TUG NEWS 2(2)))'
\actioncount=\count374
)
(/usr/local/texlive/2022/texmf-dist/tex/latex/fp/fp-upn.sty
Package: fp-upn 1996/10/21

`UPN Fixed Point Calculator',    Version 2.1c (C) Michael Mehlich             
(/usr/local/texlive/2022/texmf-dist/tex/latex/fp/fp.sty
Package: fp 1995/04/02

`Fixed Point Package', Version 0.8, April 2, 1995 (C) Michael Mehlich
(/usr/local/texlive/2022/texmf-dist/tex/latex/fp/fp-basic.sty
Package: fp-basic 1996/05/13
\FP@xs=\count375
\FP@xia=\count376
\FP@xib=\count377
\FP@xfa=\count378
\FP@xfb=\count379
\FP@rega=\count380
\FP@regb=\count381
\FP@regs=\count382
\FP@times=\count383
)
(/usr/local/texlive/2022/texmf-dist/tex/latex/fp/fp-addons.sty
Package: fp-addons 1995/03/15
)
(/usr/local/texlive/2022/texmf-dist/tex/latex/fp/fp-snap.sty
Package: fp-snap 1995/04/05
)
(/usr/local/texlive/2022/texmf-dist/tex/latex/fp/fp-exp.sty
Package: fp-exp 1995/04/03
)
(/usr/local/texlive/2022/texmf-dist/tex/latex/fp/fp-trigo.sty
Package: fp-trigo 1995/04/14
)
(/usr/local/texlive/2022/texmf-dist/tex/latex/fp/fp-pas.sty
Package: fp-pas 1994/08/29
)
(/usr/local/texlive/2022/texmf-dist/tex/latex/fp/fp-random.sty
Package: fp-random 1995/02/23
\FPseed=\count384
)
(/usr/local/texlive/2022/texmf-dist/tex/latex/fp/fp-eqn.sty
Package: fp-eqn 1995/04/03
)))))
\xunitlength=\dimen397
\yunitlength=\dimen398
)
(/usr/local/texlive/2022/texmf-dist/tex/latex/lastpage/lastpage.sty
Package: lastpage 2021/09/03 v1.2n Refers to last page's name (HMM; JPG)
)
\EMps@out=\write5
\c@EMps@flnm=\count385

(/Users/kou/Library/texmf/tex/platex/misc/emath/pszahyou.sty
Package: pszahyou 2021/02/15 v 2.44
)
\ps@NMbox=\box194
\ps@bNMbox=\box195
)
(/Users/kou/Library/texmf/tex/platex/misc/emath/emathPk.sty
Package: emathPk 2020/09/15 v 1.54
)
(/Users/kou/Library/texmf/tex/platex/misc/emath/emathMw.sty
Package: emathMw 2019/07/02 v0.49 
\@mawarikomisep=\skip84
\mawarikomisep=\skip85
\mawarikomikankaku=\skip86
\EMWR@box=\box196
\EMWR@boxi=\box197
\EMWR@boxii=\box198
\eitemindent=\skip87
\zu@width=\skip88
\zuitemwidth=\skip89
)
(/Users/kou/Library/texmf/tex/platex/misc/emath/EMminipages.sty
Package: EMminipages 2016/11/19 v0.08
)
(/Users/kou/Library/texmf/tex/platex/misc/emath/EMfbox.sty
Package: EMfbox 2021/01/14 v 0.79

(/Users/kou/Library/texmf/tex/platex/misc/emath/rectboxsikiri.sty
Package: rectboxsikiri 2013/12/27 v 0.00
)
\rectbox@item@box=\box199
\rectbox@bitem@box=\box256
\ps@box=\box257
\psfboxW=\dimen399
\psfboxV=\dimen400
\rectb@x=\box258
\brace@box=\box259
)
(/usr/local/texlive/2022/texmf-dist/tex/latex/fancyhdr/fancyhdr.sty
Package: fancyhdr 2021/01/28 v4.0.1 Extensive control of page headers and foote
rs
\f@nch@headwidth=\skip90
\f@nch@O@elh=\skip91
\f@nch@O@erh=\skip92
\f@nch@O@olh=\skip93
\f@nch@O@orh=\skip94
\f@nch@O@elf=\skip95
\f@nch@O@erf=\skip96
\f@nch@O@olf=\skip97
\f@nch@O@orf=\skip98
)
\c@tcb@cnt@mondaibox=\count386

(./lesson_01.aux)
\openout1 = `lesson_01.aux'.

LaTeX Font Info:    Checking defaults for OML/ceo/m/it on input line 85.
LaTeX Font Info:    ... okay on input line 85.
LaTeX Font Info:    Checking defaults for OMS/ceo/m/n on input line 85.
LaTeX Font Info:    ... okay on input line 85.
LaTeX Font Info:    Checking defaults for OT1/cmr/m/n on input line 85.
LaTeX Font Info:    ... okay on input line 85.
LaTeX Font Info:    Checking defaults for T1/cmr/m/n on input line 85.
LaTeX Font Info:    ... okay on input line 85.
LaTeX Font Info:    Checking defaults for TS1/cmr/m/n on input line 85.
LaTeX Font Info:    ... okay on input line 85.
LaTeX Font Info:    Checking defaults for OMX/ceo/m/n on input line 85.
LaTeX Font Info:    ... okay on input line 85.
LaTeX Font Info:    Checking defaults for U/cmr/m/n on input line 85.
LaTeX Font Info:    ... okay on input line 85.
LaTeX Font Info:    Checking defaults for JY2/mc/m/n on input line 85.
LaTeX Font Info:    ... okay on input line 85.
LaTeX Font Info:    Checking defaults for JT2/mc/m/n on input line 85.
LaTeX Font Info:    ... okay on input line 85.

*geometry* detected driver: dvipdfm
*geometry* verbose mode - [ preamble ] result:
* driver: dvipdfm
* paper: b5j
* layout: <same size as paper>
* layoutoffset:(h,v)=(0.0pt,0.0pt)
* modes: twoside 
* h-part:(L,W,R)=(36.98857pt, 443.863pt, 36.98857pt)
* v-part:(T,H,B)=(56.9055pt, 631.6512pt, 42.67912pt)
* \paperwidth=517.84015pt
* \paperheight=731.23582pt
* \textwidth=443.863pt
* \textheight=631.6512pt
* \oddsidemargin=-35.28142pt
* \evensidemargin=-35.28142pt
* \topmargin=-49.98969pt
* \headheight=20.0pt
* \headsep=14.6252pt
* \topskip=10.0pt
* \footskip=24.6252pt
* \marginparwidth=9.49997pt
* \marginparsep=18.99994pt
* \columnsep=18.99994pt
* \skip\footins=16.0pt plus 5.0pt minus 2.0pt
* \hoffset=0.0pt
* \voffset=0.0pt
* \mag=1000
* \@twocolumnfalse
* \@twosidetrue
* \@mparswitchtrue
* \@reversemarginfalse
* (1in=72.27pt=25.4mm, 1cm=28.453pt)

(/Users/kou/Library/texmf/tex/platex/misc/emath/ceoMaru.sty
Package: ceoMaru 2011/11/12 v0.02
\c@ceo@counter=\count387
)
(/Users/kou/Library/texmf/tex/platex/misc/emath/ceoNagamaru.sty
Package: ceoNagamaru 2014/11/26 v0.01
)
LaTeX Info: Redefining \colorbox on input line 85.
\openout3 = `hoge--------.pl'.

runsystem(perl hoge--------.pl)...disabled (restricted).



LaTeX Warning: emathPp : you cannot use perl on input line 85.

Package lastpage Info: Please have a look at the pageslts package at
(lastpage)             https://www.ctan.org/pkg/pageslts
(lastpage)             ! on input line 85.
LaTeX Font Info:    Font shape `JT2/mc/m/n' will be
(Font)              scaled to size 16.41594pt on input line 90.
LaTeX Font Info:    Font shape `JY2/mc/m/n' will be
(Font)              scaled to size 16.41594pt on input line 90.
! Missing $ inserted.
<inserted text> 
                $
l.90 \maketitle
                
Here is how much of TeX's memory you used:
 37809 strings out of 478716
 671476 string characters out of 5858225
 1238123 words of memory out of 5000000
 55652 multiletter control sequences out of 15000+600000
 479637 words of font info for 78 fonts, out of 8000000 for 9000
 934 hyphenation exceptions out of 8191
 123i,8n,122p,790b,163s stack positions out of 10000i,1000n,20000p,200000b,200000s

No pages of output.
